<?xml version="1.0" encoding="UTF-8"?>
<!-- Generated by org.testng.reporters.JUnitReportReporter -->
<testsuite hostname="DESKTOP-B0O3T20" name="hellocucumber.RunParallel" tests="7" failures="0" timestamp="3 Aug 2020 10:54:30 GMT" time="22.824" errors="0">
  <testcase name="runScenario" time="3.260" classname="hellocucumber.RunParallel"/>
  <testcase name="runScenario" time="3.260" classname="hellocucumber.RunParallel"/>
  <testcase name="runScenario" time="3.260" classname="hellocucumber.RunParallel"/>
  <testcase name="runScenario" time="3.262" classname="hellocucumber.RunParallel"/>
  <testcase name="runScenario" time="3.260" classname="hellocucumber.RunParallel"/>
  <testcase name="runScenario" time="3.261" classname="hellocucumber.RunParallel"/>
  <testcase name="runScenario" time="3.261" classname="hellocucumber.RunParallel"/>
</testsuite> <!-- hellocucumber.RunParallel -->
